<?xml version="1.0" encoding="UTF-8"?>
<!-- Generated by org.testng.reporters.JUnitXMLReporter -->
<testsuite ignored="1" hostname="MM-amyzaw" failures="1" tests="1" name="Chrome" time="6.12" errors="0" timestamp="2022-11-01T16:01:11 MMT">
  <testcase classname="pom.tests.AddToCartTest" name="addToCartFromStorePage" time="2.227">
    <failure type="java.lang.AssertionError" message="expected [Blue Shoeswrongtest] but found [Blue Shoes]">
      <![CDATA[java.lang.AssertionError: expected [Blue Shoeswrongtest] but found [Blue Shoes]
at pom.tests.AddToCartTest.addToCartFromStorePage(AddToCartTest.java:26)
at java.base/java.util.concurrent.ThreadPoolExecutor.runWorker(ThreadPoolExecutor.java:1136)
at java.base/java.util.concurrent.ThreadPoolExecutor$Worker.run(ThreadPoolExecutor.java:635)
at java.base/java.lang.Thread.run(Thread.java:833)
... Removed 18 stack frames]]>
    </failure>
  </testcase> <!-- addToCartFromStorePage -->
  <testcase classname="pom.tests.AddToCartTest" name="addToCartFeaturedProducts" time="0.0">
    <ignored/>
  </testcase> <!-- addToCartFeaturedProducts -->
</testsuite> <!-- Chrome -->
